<?xml version="1.0" encoding="UTF-8"?>
<testng-results ignored="0" total="1" passed="1" failed="0" skipped="0">
  <reporter-output>
  </reporter-output>
  <suite started-at="2022-09-16T17:01:12 IST" name="Default suite" finished-at="2022-09-16T17:01:31 IST" duration-ms="19036">
    <groups>
    </groups>
    <test started-at="2022-09-16T17:01:12 IST" name="Default test" finished-at="2022-09-16T17:01:31 IST" duration-ms="19036">
      <class name="Homepage">
        <test-method signature="homepage()[pri:0, instance:Homepage@7ea9e1e2]" started-at="2022-09-16T17:01:12 IST" name="homepage" finished-at="2022-09-16T17:01:31 IST" duration-ms="19004" status="PASS">
          <reporter-output>
          </reporter-output>
        </test-method> <!-- homepage -->
      </class> <!-- Homepage -->
    </test> <!-- Default test -->
  </suite> <!-- Default suite -->
</testng-results>
