<?xml version="1.0" encoding="UTF-8"?>
<testng-results ignored="0" total="1" passed="1" failed="0" skipped="0">
  <reporter-output>
  </reporter-output>
  <suite started-at="2022-09-19T10:42:00 IST" name="Default suite" finished-at="2022-09-19T10:42:35 IST" duration-ms="34804">
    <groups>
    </groups>
    <test started-at="2022-09-19T10:42:00 IST" name="Default test" finished-at="2022-09-19T10:42:35 IST" duration-ms="34804">
      <class name="script.scripts">
        <test-method signature="home()[pri:0, instance:script.scripts@3059cbc]" started-at="2022-09-19T10:42:00 IST" name="home" finished-at="2022-09-19T10:42:35 IST" duration-ms="34773" status="PASS">
          <reporter-output>
          </reporter-output>
        </test-method> <!-- home -->
      </class> <!-- script.scripts -->
    </test> <!-- Default test -->
  </suite> <!-- Default suite -->
</testng-results>
